<?xml version="1.0" encoding="UTF-8"?>
<!-- Generated by org.testng.reporters.JUnitReportReporter -->
<testsuite hostname="p2elt90" failures="0" tests="1" name="News.Indiadotcom" time="9.400" errors="0" timestamp="2025-02-13T12:13:28 IST" skipped="0">
  <testcase classname="News.Indiadotcom" name="Load_Url" time="9.400"/>
  <system-out/>
</testsuite> <!-- News.Indiadotcom -->
