<?xml version="1.0" encoding="UTF-8"?>
<!-- Generated by org.testng.reporters.JUnitReportReporter -->
<testsuite hostname="p2elt90" failures="0" tests="1" name="seoMataTags.Wion" time="2.523" errors="0" timestamp="2024-11-29T16:38:01 IST" skipped="0">
  <testcase classname="seoMataTags.Wion" name="Meta_tags" time="2.523"/>
  <system-out/>
</testsuite> <!-- seoMataTags.Wion -->
