<?xml version="1.0" encoding="UTF-8"?>
<!-- Generated by org.testng.reporters.JUnitReportReporter -->
<testsuite hostname="p2elt90" failures="0" tests="2" name="task.Masterpage" time="1.014" errors="0" timestamp="2024-11-19T12:18:10 IST" skipped="0">
  <testcase classname="task.Masterpage" name="Log_in" time="0.008"/>
  <system-out/>
  <testcase classname="task.Masterpage" name="check_status" time="1.006"/>
  <system-out/>
</testsuite> <!-- task.Masterpage -->
